<?xml version="1.0" encoding="UTF-8"?>
<!-- Generated by org.testng.reporters.JUnitReportReporter -->
<testsuite hostname="DESKTOP-5CRR46H" name="com.appToTest.testscripts.AppTest" tests="1" failures="0" timestamp="4 Mar 2019 15:31:15 GMT" time="31.626" errors="0">
  <testcase name="openMyBlog" time="31.626" classname="com.appToTest.testscripts.AppTest"/>
</testsuite> <!-- com.appToTest.testscripts.AppTest -->
